<?xml version="1.0" encoding="UTF-8"?>
<!-- Generated by org.testng.reporters.JUnitReportReporter -->
<testsuite skipped="0" hostname="JOEPC" name="com.appium.journeystests.RegistrationTest" tests="2" failures="0" timestamp="16 Sep 2020 03:44:46 GMT" time="54.403" errors="0">
  <testcase name="registration" time="30.737" classname="com.appium.journeystests.RegistrationTest"/>
  <testcase name="alreadySignUp" time="23.666" classname="com.appium.journeystests.RegistrationTest"/>
</testsuite> <!-- com.appium.journeystests.RegistrationTest -->
